Copyright 1986-2018 Xilinx, Inc. All Rights Reserved.
------------------------------------------------------------------------------------
| Tool Version : Vivado v.2018.3 (win64) Build 2405991 Thu Dec  6 23:38:27 MST 2018
| Date         : Tue Sep 17 14:10:34 2024
| Host         : LAPTOP-293MO244 running 64-bit major release  (build 9200)
| Command      : report_control_sets -verbose -file system_control_sets_placed.rpt
| Design       : system
| Device       : xc7a35t
------------------------------------------------------------------------------------

Control Set Information

Table of Contents
-----------------
1. Summary
2. Histogram
3. Flip-Flop Distribution
4. Detailed Control Set Information

1. Summary
----------

+----------------------------------------------------------+-------+
|                          Status                          | Count |
+----------------------------------------------------------+-------+
| Number of unique control sets                            |    22 |
| Unused register locations in slices containing registers |   149 |
+----------------------------------------------------------+-------+


2. Histogram
------------

+--------+--------------+
| Fanout | Control Sets |
+--------+--------------+
|      1 |           19 |
|      2 |            1 |
|      5 |            1 |
|      9 |            1 |
+--------+--------------+


3. Flip-Flop Distribution
-------------------------

+--------------+-----------------------+------------------------+-----------------+--------------+
| Clock Enable | Synchronous Set/Reset | Asynchronous Set/Reset | Total Registers | Total Slices |
+--------------+-----------------------+------------------------+-----------------+--------------+
| No           | No                    | No                     |              30 |           25 |
| No           | No                    | Yes                    |               0 |            0 |
| No           | Yes                   | No                     |               5 |            3 |
| Yes          | No                    | No                     |               0 |            0 |
| Yes          | No                    | Yes                    |               0 |            0 |
| Yes          | Yes                   | No                     |               0 |            0 |
+--------------+-----------------------+------------------------+-----------------+--------------+


4. Detailed Control Set Information
-----------------------------------

+-------------------------------+---------------+------------------+------------------+----------------+
|          Clock Signal         | Enable Signal | Set/Reset Signal | Slice Load Count | Bel Load Count |
+-------------------------------+---------------+------------------+------------------+----------------+
|  genblk1[10].div/clkDiv_reg_0 |               |                  |                1 |              1 |
|  genblk1[0].div/clkDiv_reg_0  |               |                  |                1 |              1 |
|  genblk1[3].div/clkDiv_reg_0  |               |                  |                1 |              1 |
|  genblk1[4].div/clkDiv_reg_0  |               |                  |                1 |              1 |
|  genblk1[6].div/clkDiv_reg_0  |               |                  |                1 |              1 |
|  genblk1[5].div/clkDiv_reg_0  |               |                  |                1 |              1 |
|  genblk1[2].div/clkDiv_reg_0  |               |                  |                1 |              1 |
|  genblk1[11].div/clkDiv_reg_0 |               |                  |                1 |              1 |
|  genblk1[7].div/clkDiv_reg_0  |               |                  |                1 |              1 |
|  genblk1[9].div/clkDiv_reg_0  |               |                  |                1 |              1 |
|  genblk1[8].div/clkDiv_reg_0  |               |                  |                1 |              1 |
|  genblk1[12].div/clkDiv_reg_0 |               |                  |                1 |              1 |
|  genblk1[14].div/clkDiv_reg_0 |               |                  |                1 |              1 |
|  genblk1[15].div/clkDiv_reg_0 |               |                  |                1 |              1 |
|  genblk1[13].div/clkDiv_reg_0 |               |                  |                1 |              1 |
|  genblk1[1].div/clkDiv_reg_0  |               |                  |                1 |              1 |
|  genblk1[16].div/clkDiv_reg_0 |               |                  |                1 |              1 |
|  genblk1[17].div/clkDiv_reg_0 |               |                  |                1 |              1 |
|  clk_IBUF_BUFG                |               |                  |                1 |              1 |
|  genblk1[18].div/CLK          |               |                  |                1 |              2 |
|  genblk1[18].div/clkDiv_reg_0 |               | num2[3]_i_1_n_0  |                3 |              5 |
|  genblk1[18].div/clkDiv_reg_0 |               |                  |                5 |              9 |
+-------------------------------+---------------+------------------+------------------+----------------+


