
*** Running vivado
    with args -log system.vdi -applog -m64 -product Vivado -messageDb vivado.pb -mode batch -source system.tcl -notrace


****** Vivado v2018.3 (64-bit)
  **** SW Build 2405991 on Thu Dec  6 23:38:27 MST 2018
  **** IP Build 2404404 on Fri Dec  7 01:43:56 MST 2018
    ** Copyright 1986-2018 Xilinx, Inc. All Rights Reserved.

source system.tcl -notrace
Command: link_design -top system -part xc7k70tfbv676-1
Design is defaulting to srcset: sources_1
Design is defaulting to constrset: constrs_1
INFO: [Project 1-479] Netlist was created with Vivado 2018.3
INFO: [Device 21-403] Loading part xc7k70tfbv676-1
INFO: [Project 1-570] Preparing netlist for logic optimization
Parsing XDC File [C:/Users/margi/Code/school/2110363-HW-SYN-LAB-I/contraints/lab3.xdc]
CRITICAL WARNING: [Common 17-69] Command failed: 'V17' is not a valid site or package pin name. [C:/Users/margi/Code/school/2110363-HW-SYN-LAB-I/contraints/lab3.xdc:12]
CRITICAL WARNING: [Common 17-69] Command failed: 'V16' is not a valid site or package pin name. [C:/Users/margi/Code/school/2110363-HW-SYN-LAB-I/contraints/lab3.xdc:14]
CRITICAL WARNING: [Common 17-69] Command failed: 'W16' is not a valid site or package pin name. [C:/Users/margi/Code/school/2110363-HW-SYN-LAB-I/contraints/lab3.xdc:16]
CRITICAL WARNING: [Common 17-69] Command failed: 'W17' is not a valid site or package pin name. [C:/Users/margi/Code/school/2110363-HW-SYN-LAB-I/contraints/lab3.xdc:18]
CRITICAL WARNING: [Common 17-69] Command failed: 'W15' is not a valid site or package pin name. [C:/Users/margi/Code/school/2110363-HW-SYN-LAB-I/contraints/lab3.xdc:20]
CRITICAL WARNING: [Common 17-69] Command failed: 'V15' is not a valid site or package pin name. [C:/Users/margi/Code/school/2110363-HW-SYN-LAB-I/contraints/lab3.xdc:22]
CRITICAL WARNING: [Common 17-69] Command failed: 'W14' is not a valid site or package pin name. [C:/Users/margi/Code/school/2110363-HW-SYN-LAB-I/contraints/lab3.xdc:24]
CRITICAL WARNING: [Common 17-69] Command failed: 'W13' is not a valid site or package pin name. [C:/Users/margi/Code/school/2110363-HW-SYN-LAB-I/contraints/lab3.xdc:26]
CRITICAL WARNING: [Common 17-69] Command failed: 'W7' is not a valid site or package pin name. [C:/Users/margi/Code/school/2110363-HW-SYN-LAB-I/contraints/lab3.xdc:82]
CRITICAL WARNING: [Common 17-69] Command failed: 'U8' is not a valid site or package pin name. [C:/Users/margi/Code/school/2110363-HW-SYN-LAB-I/contraints/lab3.xdc:86]
CRITICAL WARNING: [Common 17-69] Command failed: 'V5' is not a valid site or package pin name. [C:/Users/margi/Code/school/2110363-HW-SYN-LAB-I/contraints/lab3.xdc:92]
CRITICAL WARNING: [Common 17-69] Command failed: 'U18' is not a valid site or package pin name. [C:/Users/margi/Code/school/2110363-HW-SYN-LAB-I/contraints/lab3.xdc:111]
Finished Parsing XDC File [C:/Users/margi/Code/school/2110363-HW-SYN-LAB-I/contraints/lab3.xdc]
INFO: [Opt 31-138] Pushed 0 inverter(s) to 0 load pin(s).
Netlist sorting complete. Time (s): cpu = 00:00:00 ; elapsed = 00:00:00 . Memory (MB): peak = 597.590 ; gain = 0.000
INFO: [Project 1-111] Unisim Transformation Summary:
No Unisim elements were transformed.

5 Infos, 0 Warnings, 12 Critical Warnings and 0 Errors encountered.
link_design completed successfully
link_design: Time (s): cpu = 00:00:05 ; elapsed = 00:00:06 . Memory (MB): peak = 601.602 ; gain = 320.043
Command: opt_design
Attempting to get a license for feature 'Implementation' and/or device 'xc7k70t'
INFO: [Common 17-349] Got license for feature 'Implementation' and/or device 'xc7k70t'
Running DRC as a precondition to command opt_design

Starting DRC Task
INFO: [DRC 23-27] Running DRC with 2 threads
INFO: [Project 1-461] DRC finished with 0 Errors
INFO: [Project 1-462] Please refer to the DRC report (report_drc) for more information.

Time (s): cpu = 00:00:00 ; elapsed = 00:00:00.558 . Memory (MB): peak = 611.539 ; gain = 9.938

Starting Cache Timing Information Task
INFO: [Timing 38-35] Done setting XDC timing constraints.
Ending Cache Timing Information Task | Checksum: 1de44f63f

Time (s): cpu = 00:00:07 ; elapsed = 00:00:08 . Memory (MB): peak = 1177.910 ; gain = 566.371

Starting Logic Optimization Task

Phase 1 Retarget
INFO: [Opt 31-138] Pushed 0 inverter(s) to 0 load pin(s).
INFO: [Opt 31-49] Retargeted 0 cell(s).
Phase 1 Retarget | Checksum: 1de44f63f

Time (s): cpu = 00:00:00 ; elapsed = 00:00:00.015 . Memory (MB): peak = 1274.184 ; gain = 0.000
INFO: [Opt 31-389] Phase Retarget created 0 cells and removed 0 cells

Phase 2 Constant propagation
INFO: [Opt 31-138] Pushed 0 inverter(s) to 0 load pin(s).
Phase 2 Constant propagation | Checksum: 1de44f63f

Time (s): cpu = 00:00:00 ; elapsed = 00:00:00.017 . Memory (MB): peak = 1274.184 ; gain = 0.000
INFO: [Opt 31-389] Phase Constant propagation created 0 cells and removed 0 cells

Phase 3 Sweep
Phase 3 Sweep | Checksum: 1de44f63f

Time (s): cpu = 00:00:00 ; elapsed = 00:00:00.020 . Memory (MB): peak = 1274.184 ; gain = 0.000
INFO: [Opt 31-389] Phase Sweep created 0 cells and removed 0 cells

Phase 4 BUFG optimization
Phase 4 BUFG optimization | Checksum: 1de44f63f

Time (s): cpu = 00:00:00 ; elapsed = 00:00:00.024 . Memory (MB): peak = 1274.184 ; gain = 0.000
INFO: [Opt 31-662] Phase BUFG optimization created 0 cells of which 0 are BUFGs and removed 0 cells.

Phase 5 Shift Register Optimization
Phase 5 Shift Register Optimization | Checksum: 1de44f63f

Time (s): cpu = 00:00:00 ; elapsed = 00:00:00.048 . Memory (MB): peak = 1274.184 ; gain = 0.000
INFO: [Opt 31-389] Phase Shift Register Optimization created 0 cells and removed 0 cells

Phase 6 Post Processing Netlist
Phase 6 Post Processing Netlist | Checksum: 1de44f63f

Time (s): cpu = 00:00:00 ; elapsed = 00:00:00.050 . Memory (MB): peak = 1274.184 ; gain = 0.000
INFO: [Opt 31-389] Phase Post Processing Netlist created 0 cells and removed 0 cells
Opt_design Change Summary
=========================


-------------------------------------------------------------------------------------------------------------------------
|  Phase                        |  #Cells created  |  #Cells Removed  |  #Constrained objects preventing optimizations  |
-------------------------------------------------------------------------------------------------------------------------
|  Retarget                     |               0  |               0  |                                              0  |
|  Constant propagation         |               0  |               0  |                                              0  |
|  Sweep                        |               0  |               0  |                                              0  |
|  BUFG optimization            |               0  |               0  |                                              0  |
|  Shift Register Optimization  |               0  |               0  |                                              0  |
|  Post Processing Netlist      |               0  |               0  |                                              0  |
-------------------------------------------------------------------------------------------------------------------------



Starting Connectivity Check Task

Time (s): cpu = 00:00:00 ; elapsed = 00:00:00.001 . Memory (MB): peak = 1274.184 ; gain = 0.000
Ending Logic Optimization Task | Checksum: 1de44f63f

Time (s): cpu = 00:00:00 ; elapsed = 00:00:00.053 . Memory (MB): peak = 1274.184 ; gain = 0.000

Starting Power Optimization Task
INFO: [Pwropt 34-132] Skipping clock gating for clocks with a period < 2.00 ns.
Ending Power Optimization Task | Checksum: 1de44f63f

Time (s): cpu = 00:00:00 ; elapsed = 00:00:00.006 . Memory (MB): peak = 1274.184 ; gain = 0.000

Starting Final Cleanup Task
Ending Final Cleanup Task | Checksum: 1de44f63f

Time (s): cpu = 00:00:00 ; elapsed = 00:00:00 . Memory (MB): peak = 1274.184 ; gain = 0.000

Starting Netlist Obfuscation Task
Netlist sorting complete. Time (s): cpu = 00:00:00 ; elapsed = 00:00:00 . Memory (MB): peak = 1274.184 ; gain = 0.000
Ending Netlist Obfuscation Task | Checksum: 1de44f63f

Time (s): cpu = 00:00:00 ; elapsed = 00:00:00.001 . Memory (MB): peak = 1274.184 ; gain = 0.000
INFO: [Common 17-83] Releasing license: Implementation
21 Infos, 0 Warnings, 12 Critical Warnings and 0 Errors encountered.
opt_design completed successfully
opt_design: Time (s): cpu = 00:00:08 ; elapsed = 00:00:09 . Memory (MB): peak = 1274.184 ; gain = 672.582
Netlist sorting complete. Time (s): cpu = 00:00:00 ; elapsed = 00:00:00 . Memory (MB): peak = 1274.184 ; gain = 0.000
INFO: [Timing 38-480] Writing timing data to binary archive.
Writing placer database...
Writing XDEF routing.
Writing XDEF routing logical nets.
Writing XDEF routing special nets.
Write XDEF Complete: Time (s): cpu = 00:00:00 ; elapsed = 00:00:00.022 . Memory (MB): peak = 1274.184 ; gain = 0.000
Netlist sorting complete. Time (s): cpu = 00:00:00 ; elapsed = 00:00:00.001 . Memory (MB): peak = 1274.184 ; gain = 0.000
INFO: [Common 17-1381] The checkpoint 'C:/Users/margi/Code/school/2110363-HW-SYN-LAB-I/lab03/lab03.runs/impl_1/system_opt.dcp' has been generated.
INFO: [runtcl-4] Executing : report_drc -file system_drc_opted.rpt -pb system_drc_opted.pb -rpx system_drc_opted.rpx
Command: report_drc -file system_drc_opted.rpt -pb system_drc_opted.pb -rpx system_drc_opted.rpx
INFO: [IP_Flow 19-234] Refreshing IP repositories
INFO: [IP_Flow 19-1704] No user IP repositories specified
INFO: [IP_Flow 19-2313] Loaded Vivado IP repository 'C:/Xilinx/Vivado/2018.3/data/ip'.
INFO: [DRC 23-27] Running DRC with 2 threads
INFO: [Coretcl 2-168] The results of DRC are in file C:/Users/margi/Code/school/2110363-HW-SYN-LAB-I/lab03/lab03.runs/impl_1/system_drc_opted.rpt.
report_drc completed successfully
Command: place_design
Attempting to get a license for feature 'Implementation' and/or device 'xc7k70t'
INFO: [Common 17-349] Got license for feature 'Implementation' and/or device 'xc7k70t'
INFO: [DRC 23-27] Running DRC with 2 threads
INFO: [Vivado_Tcl 4-198] DRC finished with 0 Errors
INFO: [Vivado_Tcl 4-199] Please refer to the DRC report (report_drc) for more information.
Running DRC as a precondition to command place_design
INFO: [DRC 23-27] Running DRC with 2 threads
ERROR: [DRC BIVB-1] Bank IO standard Support: Bank 33 has incompatible IO(s) because: The LVCMOS33 I/O standard is not supported for banks of type High Performance.  Move the following ports or change their properties:  
dp and seg[3]
ERROR: [DRC BIVB-1] Bank IO standard Support: Bank 34 has incompatible IO(s) because: The LVCMOS33 I/O standard is not supported for banks of type High Performance.  Move the following ports or change their properties:  
an[3:0], seg[1], seg[4] and seg[6]
ERROR: [DRC BIVB-1] Bank IO standard Support: Bank 34 has incompatible IO(s) because: The LVCMOS33 I/O standard is not supported for banks of type High Performance.  Move the following ports or change their properties:  
clk
INFO: [Vivado_Tcl 4-198] DRC finished with 3 Errors
INFO: [Vivado_Tcl 4-199] Please refer to the DRC report (report_drc) for more information.
ERROR: [Vivado_Tcl 4-23] Error(s) found during DRC. Placer not run.
INFO: [Common 17-83] Releasing license: Implementation
37 Infos, 0 Warnings, 12 Critical Warnings and 4 Errors encountered.
place_design failed
ERROR: [Common 17-39] 'place_design' failed due to earlier errors.

INFO: [Common 17-206] Exiting Vivado at Tue Sep 10 14:11:50 2024...
