
*** Running vivado
    with args -log system.vds -m64 -product Vivado -mode batch -messageDb vivado.pb -notrace -source system.tcl


****** Vivado v2018.3 (64-bit)
  **** SW Build 2405991 on Thu Dec  6 23:38:27 MST 2018
  **** IP Build 2404404 on Fri Dec  7 01:43:56 MST 2018
    ** Copyright 1986-2018 Xilinx, Inc. All Rights Reserved.

source system.tcl -notrace
Command: synth_design -top system -part xc7a35tcpg236-1
Starting synth_design
Attempting to get a license for feature 'Synthesis' and/or device 'xc7a35t'
INFO: [Common 17-349] Got license for feature 'Synthesis' and/or device 'xc7a35t'
INFO: Launching helper process for spawning children vivado processes
INFO: Helper process launched with PID 29340 
---------------------------------------------------------------------------------
Starting RTL Elaboration : Time (s): cpu = 00:00:02 ; elapsed = 00:00:02 . Memory (MB): peak = 388.922 ; gain = 99.852
---------------------------------------------------------------------------------
INFO: [Synth 8-6157] synthesizing module 'system' [C:/Users/margi/Code/school/2110363-HW-SYN-LAB-I/lab04_3/lab04_3.srcs/sources_1/new/system.v:23]
INFO: [Synth 8-6157] synthesizing module 'clockDiv' [C:/Users/margi/Code/school/2110363-HW-SYN-LAB-I/lab04_3/lab04_3.srcs/sources_1/new/clockDiv.v:23]
INFO: [Synth 8-6155] done synthesizing module 'clockDiv' (1#1) [C:/Users/margi/Code/school/2110363-HW-SYN-LAB-I/lab04_3/lab04_3.srcs/sources_1/new/clockDiv.v:23]
INFO: [Synth 8-3876] $readmem data file 'rom.mem' is read successfully [C:/Users/margi/Code/school/2110363-HW-SYN-LAB-I/lab04_3/lab04_3.srcs/sources_1/new/system.v:49]
INFO: [Synth 8-6157] synthesizing module 'quadSevenSeg' [C:/Users/margi/Code/school/2110363-HW-SYN-LAB-I/lab04_3/lab04_3.srcs/sources_1/new/quadSevenSeg.v:23]
WARNING: [Synth 8-567] referenced signal 'num0' should be on the sensitivity list [C:/Users/margi/Code/school/2110363-HW-SYN-LAB-I/lab04_3/lab04_3.srcs/sources_1/new/quadSevenSeg.v:46]
WARNING: [Synth 8-567] referenced signal 'num1' should be on the sensitivity list [C:/Users/margi/Code/school/2110363-HW-SYN-LAB-I/lab04_3/lab04_3.srcs/sources_1/new/quadSevenSeg.v:46]
WARNING: [Synth 8-567] referenced signal 'num2' should be on the sensitivity list [C:/Users/margi/Code/school/2110363-HW-SYN-LAB-I/lab04_3/lab04_3.srcs/sources_1/new/quadSevenSeg.v:46]
WARNING: [Synth 8-567] referenced signal 'num3' should be on the sensitivity list [C:/Users/margi/Code/school/2110363-HW-SYN-LAB-I/lab04_3/lab04_3.srcs/sources_1/new/quadSevenSeg.v:46]
INFO: [Synth 8-6157] synthesizing module 'hexTo7Segment' [C:/Users/margi/Code/school/2110363-HW-SYN-LAB-I/lab04_3/lab04_3.srcs/sources_1/new/hexTo7Segment.v:23]
INFO: [Synth 8-6155] done synthesizing module 'hexTo7Segment' (2#1) [C:/Users/margi/Code/school/2110363-HW-SYN-LAB-I/lab04_3/lab04_3.srcs/sources_1/new/hexTo7Segment.v:23]
INFO: [Synth 8-6155] done synthesizing module 'quadSevenSeg' (3#1) [C:/Users/margi/Code/school/2110363-HW-SYN-LAB-I/lab04_3/lab04_3.srcs/sources_1/new/quadSevenSeg.v:23]
INFO: [Synth 8-155] case statement is not full and has no default [C:/Users/margi/Code/school/2110363-HW-SYN-LAB-I/lab04_3/lab04_3.srcs/sources_1/new/system.v:53]
INFO: [Synth 8-6155] done synthesizing module 'system' (4#1) [C:/Users/margi/Code/school/2110363-HW-SYN-LAB-I/lab04_3/lab04_3.srcs/sources_1/new/system.v:23]
---------------------------------------------------------------------------------
Finished RTL Elaboration : Time (s): cpu = 00:00:02 ; elapsed = 00:00:03 . Memory (MB): peak = 444.461 ; gain = 155.391
---------------------------------------------------------------------------------

Report Check Netlist: 
+------+------------------+-------+---------+-------+------------------+
|      |Item              |Errors |Warnings |Status |Description       |
+------+------------------+-------+---------+-------+------------------+
|1     |multi_driven_nets |      0|        0|Passed |Multi driven nets |
+------+------------------+-------+---------+-------+------------------+
---------------------------------------------------------------------------------
Start Handling Custom Attributes
---------------------------------------------------------------------------------
---------------------------------------------------------------------------------
Finished Handling Custom Attributes : Time (s): cpu = 00:00:02 ; elapsed = 00:00:03 . Memory (MB): peak = 444.461 ; gain = 155.391
---------------------------------------------------------------------------------
---------------------------------------------------------------------------------
Finished RTL Optimization Phase 1 : Time (s): cpu = 00:00:02 ; elapsed = 00:00:03 . Memory (MB): peak = 444.461 ; gain = 155.391
---------------------------------------------------------------------------------
INFO: [Device 21-403] Loading part xc7a35tcpg236-1
INFO: [Project 1-570] Preparing netlist for logic optimization

Processing XDC Constraints
Initializing timing engine
Parsing XDC File [C:/Users/margi/Code/school/2110363-HW-SYN-LAB-I/contraints/lab4_3.xdc]
Finished Parsing XDC File [C:/Users/margi/Code/school/2110363-HW-SYN-LAB-I/contraints/lab4_3.xdc]
INFO: [Project 1-236] Implementation specific constraints were found while reading constraint file [C:/Users/margi/Code/school/2110363-HW-SYN-LAB-I/contraints/lab4_3.xdc]. These constraints will be ignored for synthesis but will be used in implementation. Impacted constraints are listed in the file [.Xil/system_propImpl.xdc].
Resolution: To avoid this warning, move constraints listed in [.Xil/system_propImpl.xdc] to another XDC file and exclude this new file from synthesis with the used_in_synthesis property (File Properties dialog in GUI) and re-run elaboration/synthesis.
Netlist sorting complete. Time (s): cpu = 00:00:00 ; elapsed = 00:00:00 . Memory (MB): peak = 763.277 ; gain = 0.000
Completed Processing XDC Constraints

Netlist sorting complete. Time (s): cpu = 00:00:00 ; elapsed = 00:00:00.001 . Memory (MB): peak = 763.281 ; gain = 0.000
INFO: [Project 1-111] Unisim Transformation Summary:
No Unisim elements were transformed.

Netlist sorting complete. Time (s): cpu = 00:00:00 ; elapsed = 00:00:00 . Memory (MB): peak = 763.281 ; gain = 0.000
Constraint Validation Runtime : Time (s): cpu = 00:00:00 ; elapsed = 00:00:00.002 . Memory (MB): peak = 763.281 ; gain = 0.000
---------------------------------------------------------------------------------
Finished Constraint Validation : Time (s): cpu = 00:00:08 ; elapsed = 00:00:10 . Memory (MB): peak = 763.281 ; gain = 474.211
---------------------------------------------------------------------------------
---------------------------------------------------------------------------------
Start Loading Part and Timing Information
---------------------------------------------------------------------------------
Loading part: xc7a35tcpg236-1
---------------------------------------------------------------------------------
Finished Loading Part and Timing Information : Time (s): cpu = 00:00:08 ; elapsed = 00:00:10 . Memory (MB): peak = 763.281 ; gain = 474.211
---------------------------------------------------------------------------------
---------------------------------------------------------------------------------
Start Applying 'set_property' XDC Constraints
---------------------------------------------------------------------------------
---------------------------------------------------------------------------------
Finished applying 'set_property' XDC Constraints : Time (s): cpu = 00:00:08 ; elapsed = 00:00:10 . Memory (MB): peak = 763.281 ; gain = 474.211
---------------------------------------------------------------------------------
---------------------------------------------------------------------------------
Finished RTL Optimization Phase 2 : Time (s): cpu = 00:00:08 ; elapsed = 00:00:10 . Memory (MB): peak = 763.281 ; gain = 474.211
---------------------------------------------------------------------------------

Report RTL Partitions: 
+-+--------------+------------+----------+
| |RTL Partition |Replication |Instances |
+-+--------------+------------+----------+
+-+--------------+------------+----------+
---------------------------------------------------------------------------------
Start RTL Component Statistics 
---------------------------------------------------------------------------------
Detailed RTL Component Info : 
+---Adders : 
	   2 Input      2 Bit       Adders := 1     
+---Registers : 
	                4 Bit    Registers := 4     
	                2 Bit    Registers := 2     
	                1 Bit    Registers := 19    
+---Muxes : 
	   4 Input      4 Bit        Muxes := 2     
	   5 Input      2 Bit        Muxes := 1     
---------------------------------------------------------------------------------
Finished RTL Component Statistics 
---------------------------------------------------------------------------------
---------------------------------------------------------------------------------
Start RTL Hierarchical Component Statistics 
---------------------------------------------------------------------------------
Hierarchical RTL Component report 
Module system 
Detailed RTL Component Info : 
+---Registers : 
	                4 Bit    Registers := 4     
	                2 Bit    Registers := 1     
+---Muxes : 
	   5 Input      2 Bit        Muxes := 1     
Module quadSevenSeg 
Detailed RTL Component Info : 
+---Adders : 
	   2 Input      2 Bit       Adders := 1     
+---Registers : 
	                2 Bit    Registers := 1     
+---Muxes : 
	   4 Input      4 Bit        Muxes := 2     
Module clockDiv 
Detailed RTL Component Info : 
+---Registers : 
	                1 Bit    Registers := 1     
---------------------------------------------------------------------------------
Finished RTL Hierarchical Component Statistics
---------------------------------------------------------------------------------
---------------------------------------------------------------------------------
Start Part Resource Summary
---------------------------------------------------------------------------------
Part Resources:
DSPs: 90 (col length:60)
BRAMs: 100 (col length: RAMB18 60 RAMB36 30)
---------------------------------------------------------------------------------
Finished Part Resource Summary
---------------------------------------------------------------------------------
---------------------------------------------------------------------------------
Start Cross Boundary and Area Optimization
---------------------------------------------------------------------------------
Warning: Parallel synthesis criteria is not met 
WARNING: [Synth 8-3917] design system has port dp driven by constant 1
INFO: [Synth 8-3886] merging instance 'num3_reg[0]' (FD) to 'num3_reg[2]'
INFO: [Synth 8-3886] merging instance 'num2_reg[2]' (FD) to 'num3_reg[2]'
INFO: [Synth 8-3333] propagating constant 0 across sequential element (\num3_reg[2] )
---------------------------------------------------------------------------------
Finished Cross Boundary and Area Optimization : Time (s): cpu = 00:00:10 ; elapsed = 00:00:12 . Memory (MB): peak = 763.281 ; gain = 474.211
---------------------------------------------------------------------------------
---------------------------------------------------------------------------------
Start ROM, RAM, DSP and Shift Register Reporting
---------------------------------------------------------------------------------

ROM:
+------------+------------+---------------+----------------+
|Module Name | RTL Object | Depth x Width | Implemented As | 
+------------+------------+---------------+----------------+
|system      | p_0_out    | 1024x16       | LUT            | 
|system      | p_0_out    | 1024x16       | LUT            | 
+------------+------------+---------------+----------------+

---------------------------------------------------------------------------------
Finished ROM, RAM, DSP and Shift Register Reporting
---------------------------------------------------------------------------------

Report RTL Partitions: 
+-+--------------+------------+----------+
| |RTL Partition |Replication |Instances |
+-+--------------+------------+----------+
+-+--------------+------------+----------+
---------------------------------------------------------------------------------
Start Applying XDC Timing Constraints
---------------------------------------------------------------------------------
---------------------------------------------------------------------------------
Finished Applying XDC Timing Constraints : Time (s): cpu = 00:00:16 ; elapsed = 00:00:18 . Memory (MB): peak = 765.766 ; gain = 476.695
---------------------------------------------------------------------------------
---------------------------------------------------------------------------------
Start Timing Optimization
---------------------------------------------------------------------------------
---------------------------------------------------------------------------------
Finished Timing Optimization : Time (s): cpu = 00:00:16 ; elapsed = 00:00:18 . Memory (MB): peak = 765.914 ; gain = 476.844
---------------------------------------------------------------------------------

Report RTL Partitions: 
+-+--------------+------------+----------+
| |RTL Partition |Replication |Instances |
+-+--------------+------------+----------+
+-+--------------+------------+----------+
---------------------------------------------------------------------------------
Start Technology Mapping
---------------------------------------------------------------------------------
INFO: [Synth 8-3886] merging instance 'num3_reg[1]' (FD) to 'num3_reg[3]'
---------------------------------------------------------------------------------
Finished Technology Mapping : Time (s): cpu = 00:00:16 ; elapsed = 00:00:18 . Memory (MB): peak = 777.895 ; gain = 488.824
---------------------------------------------------------------------------------

Report RTL Partitions: 
+-+--------------+------------+----------+
| |RTL Partition |Replication |Instances |
+-+--------------+------------+----------+
+-+--------------+------------+----------+
---------------------------------------------------------------------------------
Start IO Insertion
---------------------------------------------------------------------------------
---------------------------------------------------------------------------------
Start Flattening Before IO Insertion
---------------------------------------------------------------------------------
---------------------------------------------------------------------------------
Finished Flattening Before IO Insertion
---------------------------------------------------------------------------------
---------------------------------------------------------------------------------
Start Final Netlist Cleanup
---------------------------------------------------------------------------------
---------------------------------------------------------------------------------
Finished Final Netlist Cleanup
---------------------------------------------------------------------------------
---------------------------------------------------------------------------------
Finished IO Insertion : Time (s): cpu = 00:00:17 ; elapsed = 00:00:19 . Memory (MB): peak = 777.895 ; gain = 488.824
---------------------------------------------------------------------------------

Report Check Netlist: 
+------+------------------+-------+---------+-------+------------------+
|      |Item              |Errors |Warnings |Status |Description       |
+------+------------------+-------+---------+-------+------------------+
|1     |multi_driven_nets |      0|        0|Passed |Multi driven nets |
+------+------------------+-------+---------+-------+------------------+
---------------------------------------------------------------------------------
Start Renaming Generated Instances
---------------------------------------------------------------------------------
---------------------------------------------------------------------------------
Finished Renaming Generated Instances : Time (s): cpu = 00:00:17 ; elapsed = 00:00:19 . Memory (MB): peak = 777.895 ; gain = 488.824
---------------------------------------------------------------------------------

Report RTL Partitions: 
+-+--------------+------------+----------+
| |RTL Partition |Replication |Instances |
+-+--------------+------------+----------+
+-+--------------+------------+----------+
---------------------------------------------------------------------------------
Start Rebuilding User Hierarchy
---------------------------------------------------------------------------------
---------------------------------------------------------------------------------
Finished Rebuilding User Hierarchy : Time (s): cpu = 00:00:17 ; elapsed = 00:00:19 . Memory (MB): peak = 777.895 ; gain = 488.824
---------------------------------------------------------------------------------
---------------------------------------------------------------------------------
Start Renaming Generated Ports
---------------------------------------------------------------------------------
---------------------------------------------------------------------------------
Finished Renaming Generated Ports : Time (s): cpu = 00:00:17 ; elapsed = 00:00:19 . Memory (MB): peak = 777.895 ; gain = 488.824
---------------------------------------------------------------------------------
---------------------------------------------------------------------------------
Start Handling Custom Attributes
---------------------------------------------------------------------------------
---------------------------------------------------------------------------------
Finished Handling Custom Attributes : Time (s): cpu = 00:00:17 ; elapsed = 00:00:19 . Memory (MB): peak = 777.895 ; gain = 488.824
---------------------------------------------------------------------------------
---------------------------------------------------------------------------------
Start Renaming Generated Nets
---------------------------------------------------------------------------------
---------------------------------------------------------------------------------
Finished Renaming Generated Nets : Time (s): cpu = 00:00:17 ; elapsed = 00:00:19 . Memory (MB): peak = 777.895 ; gain = 488.824
---------------------------------------------------------------------------------
---------------------------------------------------------------------------------
Start Writing Synthesis Report
---------------------------------------------------------------------------------

Report BlackBoxes: 
+-+--------------+----------+
| |BlackBox name |Instances |
+-+--------------+----------+
+-+--------------+----------+

Report Cell Usage: 
+------+------+------+
|      |Cell  |Count |
+------+------+------+
|1     |BUFG  |     1|
|2     |LUT1  |    20|
|3     |LUT2  |     8|
|4     |LUT3  |     1|
|5     |LUT4  |    11|
|6     |LUT5  |    21|
|7     |LUT6  |    74|
|8     |MUXF7 |    14|
|9     |MUXF8 |     6|
|10    |FDRE  |    35|
|11    |IBUF  |    13|
|12    |OBUF  |    12|
+------+------+------+

Report Instance Areas: 
+------+--------------------+-------------+------+
|      |Instance            |Module       |Cells |
+------+--------------------+-------------+------+
|1     |top                 |             |   216|
|2     |  \genblk1[0].div   |clockDiv     |     2|
|3     |  \genblk1[10].div  |clockDiv_0   |     2|
|4     |  \genblk1[11].div  |clockDiv_1   |     2|
|5     |  \genblk1[12].div  |clockDiv_2   |     2|
|6     |  \genblk1[13].div  |clockDiv_3   |     2|
|7     |  \genblk1[14].div  |clockDiv_4   |     2|
|8     |  \genblk1[15].div  |clockDiv_5   |     2|
|9     |  \genblk1[16].div  |clockDiv_6   |     2|
|10    |  \genblk1[17].div  |clockDiv_7   |     2|
|11    |  \genblk1[18].div  |clockDiv_8   |     3|
|12    |  \genblk1[1].div   |clockDiv_9   |     2|
|13    |  \genblk1[2].div   |clockDiv_10  |     2|
|14    |  \genblk1[3].div   |clockDiv_11  |     2|
|15    |  \genblk1[4].div   |clockDiv_12  |     2|
|16    |  \genblk1[5].div   |clockDiv_13  |     2|
|17    |  \genblk1[6].div   |clockDiv_14  |     2|
|18    |  \genblk1[7].div   |clockDiv_15  |     2|
|19    |  \genblk1[8].div   |clockDiv_16  |     2|
|20    |  \genblk1[9].div   |clockDiv_17  |     2|
|21    |  qss               |quadSevenSeg |    19|
+------+--------------------+-------------+------+
---------------------------------------------------------------------------------
Finished Writing Synthesis Report : Time (s): cpu = 00:00:17 ; elapsed = 00:00:19 . Memory (MB): peak = 777.895 ; gain = 488.824
---------------------------------------------------------------------------------
Synthesis finished with 0 errors, 0 critical warnings and 1 warnings.
Synthesis Optimization Runtime : Time (s): cpu = 00:00:11 ; elapsed = 00:00:14 . Memory (MB): peak = 777.895 ; gain = 170.004
Synthesis Optimization Complete : Time (s): cpu = 00:00:17 ; elapsed = 00:00:19 . Memory (MB): peak = 777.895 ; gain = 488.824
INFO: [Project 1-571] Translating synthesized netlist
INFO: [Netlist 29-17] Analyzing 20 Unisim elements for replacement
INFO: [Netlist 29-28] Unisim Transformation completed in 0 CPU seconds
INFO: [Project 1-570] Preparing netlist for logic optimization
INFO: [Opt 31-138] Pushed 0 inverter(s) to 0 load pin(s).
Netlist sorting complete. Time (s): cpu = 00:00:00 ; elapsed = 00:00:00 . Memory (MB): peak = 787.820 ; gain = 0.000
INFO: [Project 1-111] Unisim Transformation Summary:
No Unisim elements were transformed.

INFO: [Common 17-83] Releasing license: Synthesis
26 Infos, 5 Warnings, 0 Critical Warnings and 0 Errors encountered.
synth_design completed successfully
synth_design: Time (s): cpu = 00:00:19 ; elapsed = 00:00:21 . Memory (MB): peak = 787.820 ; gain = 511.090
Netlist sorting complete. Time (s): cpu = 00:00:00 ; elapsed = 00:00:00 . Memory (MB): peak = 787.820 ; gain = 0.000
WARNING: [Constraints 18-5210] No constraints selected for write.
Resolution: This message can indicate that there are no constraints for the design, or it can indicate that the used_in flags are set such that the constraints are ignored. This later case is used when running synth_design to not write synthesis constraints to the resulting checkpoint. Instead, project constraints are read when the synthesized design is opened.
INFO: [Common 17-1381] The checkpoint 'C:/Users/margi/Code/school/2110363-HW-SYN-LAB-I/lab04_3/lab04_3.runs/synth_1/system.dcp' has been generated.
INFO: [runtcl-4] Executing : report_utilization -file system_utilization_synth.rpt -pb system_utilization_synth.pb
INFO: [Common 17-206] Exiting Vivado at Tue Sep 17 14:10:04 2024...
